<?xml version="1.0" encoding="UTF-8"?>
<!-- Generated by org.testng.reporters.JUnitReportReporter -->
<testsuite skipped="0" hostname="mane" name="Testcases.BookLogin" tests="1" failures="0" timestamp="07 Jul 2019 11:35:16 GMT" time="10.905" errors="0">
  <testcase name="BookLogin" time="10.905" classname="Testcases.BookLogin"/>
</testsuite> <!-- Testcases.BookLogin -->
