<?xml version="1.0" encoding="UTF-8"?>
<!-- Generated by org.testng.reporters.JUnitReportReporter -->
<testsuite skipped="0" hostname="mane" name="Testcases.testngclass" tests="1" failures="0" timestamp="30 Jul 2019 04:22:15 GMT" time="0.009" errors="0">
  <testcase name="f1" time="0.009" classname="Testcases.testngclass"/>
</testsuite> <!-- Testcases.testngclass -->
