<?xml version="1.0" encoding="UTF-8"?>
<!-- Generated by org.testng.reporters.JUnitReportReporter -->
<testsuite skipped="0" hostname="mane" name="Testcases.testngclass" tests="3" failures="0" timestamp="15 Jul 2019 04:07:00 GMT" time="0.016" errors="0">
  <testcase name="f" time="0.009" classname="Testcases.testngclass"/>
  <testcase name="f2" time="0.003" classname="Testcases.testngclass"/>
  <testcase name="f1" time="0.004" classname="Testcases.testngclass"/>
</testsuite> <!-- Testcases.testngclass -->
